Determining if the pthread_create exist failed with the following output:
Change Dir: /home/alexandre/ros_ws/sandbox/phi_ardrone/build/CMakeFiles/CMakeTmp

Run Build Command:/usr/bin/make "cmTryCompileExec2108775034/fast"
make[1]: Entering directory `/home/alexandre/ros_ws/sandbox/phi_ardrone/build/CMakeFiles/CMakeTmp'
/usr/bin/make -f CMakeFiles/cmTryCompileExec2108775034.dir/build.make CMakeFiles/cmTryCompileExec2108775034.dir/build
make[2]: Entering directory `/home/alexandre/ros_ws/sandbox/phi_ardrone/build/CMakeFiles/CMakeTmp'
/usr/bin/cmake -E cmake_progress_report /home/alexandre/ros_ws/sandbox/phi_ardrone/build/CMakeFiles/CMakeTmp/CMakeFiles 1
Building C object CMakeFiles/cmTryCompileExec2108775034.dir/CheckSymbolExists.c.o
/usr/bin/gcc    -o CMakeFiles/cmTryCompileExec2108775034.dir/CheckSymbolExists.c.o   -c /home/alexandre/ros_ws/sandbox/phi_ardrone/build/CMakeFiles/CMakeTmp/CheckSymbolExists.c
Linking C executable cmTryCompileExec2108775034
/usr/bin/cmake -E cmake_link_script CMakeFiles/cmTryCompileExec2108775034.dir/link.txt --verbose=1
/usr/bin/gcc         CMakeFiles/cmTryCompileExec2108775034.dir/CheckSymbolExists.c.o  -o cmTryCompileExec2108775034 -rdynamic 
CMakeFiles/cmTryCompileExec2108775034.dir/CheckSymbolExists.c.o:CheckSymbolExists.c:function main: error: undefined reference to 'pthread_create'
collect2: error: ld returned 1 exit status
make[2]: *** [cmTryCompileExec2108775034] Error 1
make[2]: Leaving directory `/home/alexandre/ros_ws/sandbox/phi_ardrone/build/CMakeFiles/CMakeTmp'
make[1]: *** [cmTryCompileExec2108775034/fast] Error 2
make[1]: Leaving directory `/home/alexandre/ros_ws/sandbox/phi_ardrone/build/CMakeFiles/CMakeTmp'

File /home/alexandre/ros_ws/sandbox/phi_ardrone/build/CMakeFiles/CMakeTmp/CheckSymbolExists.c:
/* */
#include <pthread.h>

int main(int argc, char** argv)
{
  (void)argv;
#ifndef pthread_create
  return ((int*)(&pthread_create))[argc];
#else
  (void)argc;
  return 0;
#endif
}

Determining if the function pthread_create exists in the pthreads failed with the following output:
Change Dir: /home/alexandre/ros_ws/sandbox/phi_ardrone/build/CMakeFiles/CMakeTmp

Run Build Command:/usr/bin/make "cmTryCompileExec1107055052/fast"
make[1]: Entering directory `/home/alexandre/ros_ws/sandbox/phi_ardrone/build/CMakeFiles/CMakeTmp'
/usr/bin/make -f CMakeFiles/cmTryCompileExec1107055052.dir/build.make CMakeFiles/cmTryCompileExec1107055052.dir/build
make[2]: Entering directory `/home/alexandre/ros_ws/sandbox/phi_ardrone/build/CMakeFiles/CMakeTmp'
/usr/bin/cmake -E cmake_progress_report /home/alexandre/ros_ws/sandbox/phi_ardrone/build/CMakeFiles/CMakeTmp/CMakeFiles 1
Building C object CMakeFiles/cmTryCompileExec1107055052.dir/CheckFunctionExists.c.o
/usr/bin/gcc   -DCHECK_FUNCTION_EXISTS=pthread_create   -o CMakeFiles/cmTryCompileExec1107055052.dir/CheckFunctionExists.c.o   -c /usr/share/cmake-2.8/Modules/CheckFunctionExists.c
Linking C executable cmTryCompileExec1107055052
/usr/bin/cmake -E cmake_link_script CMakeFiles/cmTryCompileExec1107055052.dir/link.txt --verbose=1
/usr/bin/gcc     -DCHECK_FUNCTION_EXISTS=pthread_create    CMakeFiles/cmTryCompileExec1107055052.dir/CheckFunctionExists.c.o  -o cmTryCompileExec1107055052 -rdynamic -lpthreads 
/usr/bin/ld: error: cannot find -lpthreads
CMakeFiles/cmTryCompileExec1107055052.dir/CheckFunctionExists.c.o:CheckFunctionExists.c:function main: error: undefined reference to 'pthread_create'
collect2: error: ld returned 1 exit status
make[2]: Leaving directory `/home/alexandre/ros_ws/sandbox/phi_ardrone/build/CMakeFiles/CMakeTmp'
make[2]: *** [cmTryCompileExec1107055052] Error 1
make[1]: *** [cmTryCompileExec1107055052/fast] Error 2
make[1]: Leaving directory `/home/alexandre/ros_ws/sandbox/phi_ardrone/build/CMakeFiles/CMakeTmp'


